Husristic K:0
maxChannel : 81
maxDistance: 5310

Husristic K:1
maxChannel : 74
maxDistance: 5546

Husristic K:2
maxChannel : 71
maxDistance: 5409

Husristic K:3
maxChannel : 70
maxDistance: 5550

Husristic K:4
maxChannel : 69
maxDistance: 5310

Husristic K:5
maxChannel : 68
maxDistance: 5838

Husristic K:6
maxChannel : 67
maxDistance: 5653

Husristic K:7
maxChannel : 67
maxDistance: 5357

Husristic K:8
maxChannel : 67
maxDistance: 5838

Husristic K:9
maxChannel : 67
maxDistance: 5934

Husristic K:10
maxChannel : 67
maxDistance: 5993

Total request: 378
Time taken: 0.11813s
