Husristic K:0
maxChannel : 148
maxDistance: 5649

Husristic K:1
maxChannel : 139
maxDistance: 5649

Husristic K:2
maxChannel : 136
maxDistance: 5838

Husristic K:3
maxChannel : 134
maxDistance: 5935

Husristic K:4
maxChannel : 133
maxDistance: 5941

Husristic K:5
maxChannel : 133
maxDistance: 6125

Husristic K:6
maxChannel : 133
maxDistance: 7784

Husristic K:7
maxChannel : 133
maxDistance: 6522

Husristic K:8
maxChannel : 133
maxDistance: 9369

Husristic K:9
maxChannel : 132
maxDistance: 7535

Husristic K:10
maxChannel : 132
maxDistance: 7863

Total request: 756
Time taken: 0.21236s
