Husristic K:0
maxChannel : 30
maxDistance: 5316

Husristic K:1
maxChannel : 30
maxDistance: 5316

Husristic K:2
maxChannel : 31
maxDistance: 5316

Husristic K:3
maxChannel : 31
maxDistance: 5316

Husristic K:4
maxChannel : 31
maxDistance: 5316

Husristic K:5
maxChannel : 30
maxDistance: 5316

Husristic K:6
maxChannel : 29
maxDistance: 5316

Husristic K:7
maxChannel : 29
maxDistance: 5316

Husristic K:8
maxChannel : 29
maxDistance: 5316

Husristic K:9
maxChannel : 28
maxDistance: 5316

Husristic K:10
maxChannel : 28
maxDistance: 5316

Total request: 121
Time taken: 0.04250s
