Path 3->8:3 8 
Dis: 312 channelInUse: 1

Path 9->10:9 10 
Dis: 438 channelInUse: 1

Path 9->10:9 10 
Dis: 438 channelInUse: 2

Path 9->10:9 10 
Dis: 438 channelInUse: 3

Path 9->10:9 10 
Dis: 438 channelInUse: 4

Path 9->10:9 10 
Dis: 438 channelInUse: 5

Path 3->9:3 9 
Dis: 468 channelInUse: 1

Path 3->9:3 9 
Dis: 468 channelInUse: 2

Path 3->9:3 9 
Dis: 468 channelInUse: 3

Path 8->10:8 10 
Dis: 540 channelInUse: 1

Path 8->10:8 10 
Dis: 540 channelInUse: 2

Path 8->10:8 10 
Dis: 540 channelInUse: 3

Path 2->12:2 12 
Dis: 684 channelInUse: 1

Path 6->9:6 9 
Dis: 720 channelInUse: 1

Path 6->9:6 9 
Dis: 720 channelInUse: 2

Path 8->9:8 3 9 
Dis: 780 channelInUse: 4

Path 8->9:8 3 9 
Dis: 780 channelInUse: 5

Path 8->9:8 3 9 
Dis: 780 channelInUse: 6

Path 0->1:0 1 
Dis: 834 channelInUse: 1

Path 5->10:5 10 
Dis: 846 channelInUse: 1

Path 5->10:5 10 
Dis: 846 channelInUse: 2

Path 3->10:3 8 10 
Dis: 852 channelInUse: 5

Path 3->10:3 8 10 
Dis: 852 channelInUse: 6

Path 3->10:3 8 10 
Dis: 852 channelInUse: 7

Path 5->7:5 7 
Dis: 864 channelInUse: 1

Path 2->7:2 7 
Dis: 870 channelInUse: 1

Path 6->8:6 8 
Dis: 942 channelInUse: 1

Path 4->10:4 10 
Dis: 1008 channelInUse: 1

Path 4->10:4 10 
Dis: 1008 channelInUse: 2

Path 0->12:0 12 
Dis: 1152 channelInUse: 1

Path 6->10:6 9 10 
Dis: 1158 channelInUse: 6

Path 6->10:6 9 10 
Dis: 1158 channelInUse: 7

Path 3->6:3 8 6 
Dis: 1254 channelInUse: 8

Path 5->9:5 10 9 
Dis: 1284 channelInUse: 8

Path 5->9:5 10 9 
Dis: 1284 channelInUse: 9

Path 0->13:0 13 
Dis: 1338 channelInUse: 1

Path 4->11:4 11 
Dis: 1350 channelInUse: 1

Path 4->11:4 11 
Dis: 1350 channelInUse: 2

Path 4->11:4 11 
Dis: 1350 channelInUse: 3

Path 5->8:5 10 8 
Dis: 1386 channelInUse: 7

Path 4->9:4 10 9 
Dis: 1446 channelInUse: 10

Path 4->9:4 10 9 
Dis: 1446 channelInUse: 11

Path 4->9:4 10 9 
Dis: 1446 channelInUse: 12

Path 4->8:4 10 8 
Dis: 1548 channelInUse: 8

Path 7->12:7 2 12 
Dis: 1554 channelInUse: 2

Path 3->5:3 8 10 5 
Dis: 1698 channelInUse: 9

Path 7->10:7 5 10 
Dis: 1710 channelInUse: 7

Path 2->5:2 7 5 
Dis: 1734 channelInUse: 3

Path 2->11:2 11 
Dis: 1746 channelInUse: 1

Path 0->2:0 12 2 
Dis: 1836 channelInUse: 3

Path 4->5:4 10 5 
Dis: 1854 channelInUse: 8

Path 4->5:4 10 5 
Dis: 1854 channelInUse: 9

Path 3->4:3 8 10 4 
Dis: 1860 channelInUse: 10

Path 3->4:3 8 10 4 
Dis: 1860 channelInUse: 11

Path 1->12:1 0 12 
Dis: 1986 channelInUse: 3

Path 5->6:5 10 9 6 
Dis: 2004 channelInUse: 13

Path 5->6:5 10 9 6 
Dis: 2004 channelInUse: 14

Path 1->13:1 13 
Dis: 2056 channelInUse: 1

Path 7->9:7 5 10 9 
Dis: 2148 channelInUse: 15

Path 4->6:4 10 9 6 
Dis: 2166 channelInUse: 16

Path 4->6:4 10 8 6 
Dis: 2490 channelInUse: 12

Path 7->8:7 5 10 8 
Dis: 2250 channelInUse: 13

Path 10->11:10 4 11 
Dis: 2358 channelInUse: 13

Path 10->11:10 4 11 
Dis: 2358 channelInUse: 14

Path 3->11:3 11 
Dis: 2364 channelInUse: 1

Path 5->12:5 7 2 12 
Dis: 2418 channelInUse: 6

Path 11->12:11 2 12 
Dis: 2430 channelInUse: 5

Path 12->13:12 0 13 
Dis: 2490 channelInUse: 4

Path 1->11:1 11 
Dis: 2520 channelInUse: 1

Path 3->7:3 8 10 5 7 
Dis: 2562 channelInUse: 14

Path 2->10:2 7 5 10 
Dis: 2580 channelInUse: 15

Path 7->11:7 2 11 
Dis: 2616 channelInUse: 6

Path 1->2:1 0 12 2 
Dis: 2670 channelInUse: 6

Path 8->11:8 3 11 
Dis: 2676 channelInUse: 13

Path 0->7:0 12 2 7 
Dis: 2706 channelInUse: 7

Path 4->7:4 11 2 7 
Dis: 3966 channelInUse: 8

Path 9->11:9 3 11 
Dis: 2832 channelInUse: 7

Path 9->11:9 3 11 
Dis: 2832 channelInUse: 8

Path 6->12:6 12 
Dis: 2820 channelInUse: 1

Path 6->7:6 12 2 7 
Dis: 4374 channelInUse: 9

Path 2->9:2 12 6 9 
Dis: 4224 channelInUse: 9

Path 2->4:2 11 4 
Dis: 3096 channelInUse: 7

Path 2->8:2 12 6 8 
Dis: 4446 channelInUse: 10

Path 2->13:2 12 0 13 
Dis: 3174 channelInUse: 11

Path 5->11:5 7 2 11 
Dis: 3480 channelInUse: 10

Path 5->11:5 7 2 11 
Dis: 3480 channelInUse: 11

Path 10->12:10 9 6 12 
Dis: 3978 channelInUse: 17

Path 0->11:0 1 11 
Dis: 3354 channelInUse: 4

Path 5->13:5 13 
Dis: 3408 channelInUse: 1

Path 2->3:2 11 3 
Dis: 4110 channelInUse: 8

Path 2->6:2 12 6 
Dis: 3504 channelInUse: 12

Path 6->11:6 8 3 11 
Dis: 3618 channelInUse: 14

Path 6->11:6 9 3 11 
Dis: 3552 channelInUse: 10

Path 1->7:1 0 12 2 7 
Dis: 3540 channelInUse: 13

Path 9->12:9 6 12 
Dis: 3540 channelInUse: 11

Path 0->5:0 13 5 
Dis: 4746 channelInUse: 4

Path 8->12:8 6 12 
Dis: 3762 channelInUse: 8

Path 4->12:4 11 2 12 
Dis: 3780 channelInUse: 14

Path 1->4:1 11 4 
Dis: 3870 channelInUse: 9

Path 1->4:1 11 4 
Dis: 3870 channelInUse: 10

Path 0->6:0 12 6 
Dis: 3972 channelInUse: 9

Path 3->12:3 8 6 12 
Dis: 4074 channelInUse: 15

Path 7->13:7 5 13 
Dis: 4272 channelInUse: 11

Path 10->13:10 5 13 
Dis: 4254 channelInUse: 16

Path 1->5:1 13 5 
Dis: 5464 channelInUse: 5

Path 0->10:0 13 5 10 
Dis: 5592 channelInUse: 17

Path 11->13:11 1 13 
Dis: 4576 channelInUse: 5

Path 9->13:9 10 5 13 
Dis: 4692 channelInUse: 18

Path 0->9:0 12 6 9 
Dis: 4692 channelInUse: 12

Path 0->4:0 1 11 4 
Dis: 4704 channelInUse: 11

Path 8->13:8 10 5 13 
Dis: 4794 channelInUse: 19

Path 1->6:1 0 12 6 
Dis: 4806 channelInUse: 12

Path 1->10:1 11 4 10 
Dis: 4878 channelInUse: 15

Path 1->3:1 11 3 
Dis: 4884 channelInUse: 8

Path 0->8:0 12 6 8 
Dis: 4914 channelInUse: 13

Path 3->13:3 8 10 5 13 
Dis: 5106 channelInUse: 20

Path 0->3:0 1 11 3 
Dis: 5718 channelInUse: 9

Path 1->8:1 11 3 8 
Dis: 5196 channelInUse: 17

Path 4->13:4 11 1 13 
Dis: 5926 channelInUse: 13

Path 6->13:6 12 0 13 
Dis: 5310 channelInUse: 14

Path 1->9:1 11 3 9 
Dis: 5352 channelInUse: 12

Husristic K:5
maxChannel : 20
maxDistance: 5926

Total request: 121
Time taken: 0.01186s
