Husristic K:0
maxChannel : 84
maxDistance: 5051

Husristic K:1
maxChannel : 75
maxDistance: 5051

Husristic K:2
maxChannel : 72
maxDistance: 5051

Husristic K:3
maxChannel : 71
maxDistance: 5051

Husristic K:4
maxChannel : 70
maxDistance: 5051

Husristic K:5
maxChannel : 69
maxDistance: 5051

Husristic K:6
maxChannel : 68
maxDistance: 5051

Husristic K:7
maxChannel : 68
maxDistance: 5051

Husristic K:8
maxChannel : 67
maxDistance: 5051

Husristic K:9
maxChannel : 67
maxDistance: 5051

Husristic K:10
maxChannel : 67
maxDistance: 5051

Total request: 378
Time taken: 0.12550s
