Husristic K:0
maxChannel : 38
maxDistance: 998

Husristic K:1
maxChannel : 37
maxDistance: 998

Husristic K:2
maxChannel : 35
maxDistance: 998

Husristic K:3
maxChannel : 34
maxDistance: 1056

Husristic K:4
maxChannel : 32
maxDistance: 1092

Husristic K:5
maxChannel : 31
maxDistance: 1141

Husristic K:6
maxChannel : 31
maxDistance: 1177

Husristic K:7
maxChannel : 31
maxDistance: 1177

Husristic K:8
maxChannel : 30
maxDistance: 1188

Husristic K:9
maxChannel : 29
maxDistance: 1188

Husristic K:10
maxChannel : 28
maxDistance: 1188

Total request: 123
Time taken: 0.04172s
