Husristic K:0
maxChannel : 92
maxDistance: 5352

Husristic K:1
maxChannel : 91
maxDistance: 5352

Husristic K:2
maxChannel : 85
maxDistance: 5352

Husristic K:3
maxChannel : 83
maxDistance: 5352

Husristic K:4
maxChannel : 80
maxDistance: 5856

Husristic K:5
maxChannel : 75
maxDistance: 10816

Husristic K:6
maxChannel : 71
maxDistance: 11200

Husristic K:7
maxChannel : 67
maxDistance: 11254

Husristic K:8
maxChannel : 65
maxDistance: 11200

Husristic K:9
maxChannel : 64
maxDistance: 11200

Husristic K:10
maxChannel : 65
maxDistance: 11254

Total request: 363
Time taken: 0.05126s
