Husristic K:0
maxChannel : 123
maxDistance: 5412

Husristic K:1
maxChannel : 117
maxDistance: 5412

Husristic K:2
maxChannel : 111
maxDistance: 5412

Husristic K:3
maxChannel : 105
maxDistance: 10816

Husristic K:4
maxChannel : 96
maxDistance: 11200

Husristic K:5
maxChannel : 89
maxDistance: 11254

Husristic K:6
maxChannel : 85
maxDistance: 11254

Husristic K:7
maxChannel : 86
maxDistance: 11254

Husristic K:8
maxChannel : 86
maxDistance: 11254

Husristic K:9
maxChannel : 86
maxDistance: 11602

Husristic K:10
maxChannel : 85
maxDistance: 11602

Total request: 484
Time taken: 0.08629s
